<?xml version="1.0" encoding="UTF-8"?>
<!-- Generated by org.testng.reporters.JUnitReportReporter -->
<testsuite hostname="SPMUMLAP-087" failures="0" tests="1" name="Com.qa.test.API.FindCenterAPI" time="9.344" errors="0" timestamp="2022-09-27T19:35:45 IST" skipped="0">
  <testcase classname="Com.qa.test.API.FindCenterAPI" name="PostRequestForFindCenterAPI" time="9.344"/>
  <system-out/>
</testsuite> <!-- Com.qa.test.API.FindCenterAPI -->
